{"level":"info","message":"Сервер запущен на порту 5000","timestamp":"2025-03-24 23:43:39"}
{"level":"info","message":"Подключение к базе данных установлено успешно.","timestamp":"2025-03-24 23:43:39"}
{"level":"error","message":"Ошибка подключения к базе данных: SQLITE_CONSTRAINT: FOREIGN KEY constraint failed","name":"SequelizeForeignKeyConstraintError","original":{"code":"SQLITE_CONSTRAINT","errno":19,"sql":"DROP TABLE `Users`;"},"parameters":{},"parent":{"code":"SQLITE_CONSTRAINT","errno":19,"sql":"DROP TABLE `Users`;"},"sql":"DROP TABLE `Users`;","stack":"Error\n    at Database.<anonymous> (/home/falconexlover/desk/lesnoy dvorik/backend/node_modules/sequelize/lib/dialects/sqlite/query.js:185:27)\n    at /home/falconexlover/desk/lesnoy dvorik/backend/node_modules/sequelize/lib/dialects/sqlite/query.js:183:50\n    at new Promise (<anonymous>)\n    at Query.run (/home/falconexlover/desk/lesnoy dvorik/backend/node_modules/sequelize/lib/dialects/sqlite/query.js:183:12)\n    at /home/falconexlover/desk/lesnoy dvorik/backend/node_modules/sequelize/lib/sequelize.js:315:28\n    at async SQLiteQueryInterface.changeColumn (/home/falconexlover/desk/lesnoy dvorik/backend/node_modules/sequelize/lib/dialects/sqlite/query-interface.js:43:7)\n    at async User.sync (/home/falconexlover/desk/lesnoy dvorik/backend/node_modules/sequelize/lib/model.js:984:11)\n    at async Sequelize.sync (/home/falconexlover/desk/lesnoy dvorik/backend/node_modules/sequelize/lib/sequelize.js:377:9)","timestamp":"2025-03-24 23:43:39"}
{"level":"info","message":{"ip":"::1","method":"GET","path":"/api/rooms"},"timestamp":"2025-03-24 23:44:01"}
{"level":"info","message":{"ip":"::1","method":"GET","path":"/api/rooms"},"timestamp":"2025-03-24 23:44:01"}
{"level":"info","message":{"ip":"::1","method":"GET","path":"/api/rooms"},"timestamp":"2025-03-24 23:44:14"}
{"level":"info","message":{"ip":"::1","method":"GET","path":"/api/rooms"},"timestamp":"2025-03-24 23:44:14"}
{"level":"info","message":{"ip":"::1","method":"GET","path":"/"},"timestamp":"2025-03-24 23:45:25"}
{"level":"info","message":{"ip":"::1","method":"GET","path":"/"},"timestamp":"2025-03-24 23:46:56"}
{"level":"info","message":{"ip":"::1","method":"GET","path":"/"},"timestamp":"2025-03-24 23:46:58"}
{"level":"info","message":"Сервер запущен на порту 5000","timestamp":"2025-03-24 23:49:52"}
{"level":"info","message":"Подключение к базе данных установлено успешно.","timestamp":"2025-03-24 23:49:52"}
{"level":"info","message":"Модели синхронизированы с базой данных.","timestamp":"2025-03-24 23:49:52"}
{"level":"info","message":"Сервер запущен на порту 5000","timestamp":"2025-03-24 23:50:16"}
{"level":"info","message":"Подключение к базе данных установлено успешно.","timestamp":"2025-03-24 23:50:16"}
{"level":"info","message":"Модели синхронизированы с базой данных.","timestamp":"2025-03-24 23:50:16"}
{"level":"info","message":"Сервер запущен на порту 5000","timestamp":"2025-03-24 23:50:42"}
{"level":"info","message":"Подключение к базе данных установлено успешно.","timestamp":"2025-03-24 23:50:42"}
{"level":"info","message":"Модели синхронизированы с базой данных.","timestamp":"2025-03-24 23:50:42"}
{"level":"info","message":"Сервер запущен на порту 5000","timestamp":"2025-03-24 23:54:06"}
{"level":"info","message":"Подключение к базе данных установлено успешно.","timestamp":"2025-03-24 23:54:06"}
{"level":"info","message":"Модели синхронизированы с базой данных.","timestamp":"2025-03-24 23:54:07"}
{"level":"info","message":"Сервер запущен на порту 5000","timestamp":"2025-03-24 23:54:08"}
{"level":"info","message":"Подключение к базе данных установлено успешно.","timestamp":"2025-03-24 23:54:08"}
{"level":"info","message":"Модели синхронизированы с базой данных.","timestamp":"2025-03-24 23:54:08"}
{"level":"info","message":"Сервер запущен на порту 5000","timestamp":"2025-03-24 23:54:26"}
{"level":"info","message":"Подключение к базе данных установлено успешно.","timestamp":"2025-03-24 23:54:26"}
{"level":"info","message":"Модели синхронизированы с базой данных.","timestamp":"2025-03-24 23:54:26"}
{"level":"info","message":"Сервер запущен на порту 5000","timestamp":"2025-03-24 23:54:32"}
{"level":"info","message":"Подключение к базе данных установлено успешно.","timestamp":"2025-03-24 23:54:32"}
{"level":"info","message":"Модели синхронизированы с базой данных.","timestamp":"2025-03-24 23:54:32"}
{"level":"info","message":"Сервер запущен на порту 5000","timestamp":"2025-03-24 23:55:03"}
{"level":"info","message":"Подключение к базе данных установлено успешно.","timestamp":"2025-03-24 23:55:03"}
{"level":"info","message":"Модели синхронизированы с базой данных.","timestamp":"2025-03-24 23:55:03"}
